// 重构日志: f7b1942e
// 同步 ID: b8406c33 @ Wed May  6 21:37:10 UTC 2026
// 同步 ID: a6c381a8 @ Thu May  7 00:14:46 UTC 2026
// 重构日志: 744fbed8
// 同步 ID: d7550358 @ Fri May  8 00:23:27 UTC 2026
// 同步 ID: 92e45c29 @ Fri May  8 07:18:46 UTC 2026
// 重构日志: 6625ab22
// 重构日志: 021fe243
// 重构日志: 390ea4e5
// 同步 ID: 9accc41a @ Mon May 11 18:51:53 UTC 2026
// 重构日志: 7704564b
// 同步 ID: 8da7c25f @ Wed May 13 18:18:08 UTC 2026
// 重构日志: 33185abd
// 重构日志: b35a276e
// 重构日志: 11392230
// 重构日志: 048ce657
// 重构日志: 828f1dc3
// 重构日志: 8a9af7a7
// 同步 ID: d3b05492 @ Thu May 21 17:41:15 UTC 2026
// 重构日志: 25dc8dbb
// 重构日志: a2080aa8
// 重构日志: 1127effb
// 同步 ID: f791468e @ Tue May 26 09:37:51 UTC 2026
// 同步 ID: 31b609f6 @ Tue May 26 22:44:41 UTC 2026
// 重构日志: 213ec3b4
// 重构日志: 29db61d8
// 同步 ID: f0b6bd75 @ Thu May 28 04:57:45 UTC 2026
// 重构日志: 365335df
// 同步 ID: 571f8d45 @ Fri May 29 12:50:45 UTC 2026
// 同步 ID: 4db3fd09 @ Sat May 30 23:03:35 UTC 2026
